1563449906478	mozrunner::runner	INFO	Running command: "D:\\Mozilla Firefox\\firefox.exe" "-marionette" "-foreground" "-no-remote" "-profile" "C:\\Users\\user\\AppData\\Local\\Temp\\rust_mozprofile.tRM83BEFsq87"
1563449907580	addons.webextension.screenshots@mozilla.org	WARN	Loading extension 'screenshots@mozilla.org': Reading manifest: Invalid extension permission: mozillaAddons
1563449907580	addons.webextension.screenshots@mozilla.org	WARN	Loading extension 'screenshots@mozilla.org': Reading manifest: Invalid extension permission: resource://pdf.js/
1563449907581	addons.webextension.screenshots@mozilla.org	WARN	Loading extension 'screenshots@mozilla.org': Reading manifest: Invalid extension permission: about:reader*
1563449910077	Marionette	INFO	Listening on port 5815
1563449910419	Marionette	WARN	TLS certificate errors will be ignored for this session
1563449922075	Marionette	WARN	TimedPromise timed out after 0 ms: stacktrace:
bail@chrome://marionette/content/sync.js:224:64
1563449932801	Marionette	INFO	Stopped listening on port 5815
[Child 71256, Chrome_ChildThread] WARNING: pipe error: 109: file z:/build/build/src/ipc/chromium/src/chrome/common/ipc_channel_win.cc, line 332
[Chi[Parent 59548, Gecko_IOThread] WARNING: pipe error: 109: file z:/build/build/src/ipc/chromium/src/chrome/common/ipc_channel_win.cc, line 332
[Child 23776, Chrome_ChildThread] WARNING: pipe error: 109: file z:/build/build/src/ipc/chromium/src/chrome/common/ipc_channel_win.cc, line 332
[C[GP
###!!! [Child][RunMessage] Error: Channel closing: too late to send/recv, messages will be lost


###!!! [Child][MessageChannel::SendAndWait] Error: Channel error: cannot send/recv

1563453173974	mozrunner::runner	INFO	Running command: "D:\\Mozilla Firefox\\firefox.exe" "-marionette" "-foreground" "-no-remote" "-profile" "C:\\Users\\user\\AppData\\Local\\Temp\\rust_mozprofile.dReUApC4z392"
1563453174815	addons.webextension.screenshots@mozilla.org	WARN	Loading extension 'screenshots@mozilla.org': Reading manifest: Invalid extension permission: mozillaAddons
1563453174816	addons.webextension.screenshots@mozilla.org	WARN	Loading extension 'screenshots@mozilla.org': Reading manifest: Invalid extension permission: resource://pdf.js/
1563453174816	addons.webextension.screenshots@mozilla.org	WARN	Loading extension 'screenshots@mozilla.org': Reading manifest: Invalid extension permission: about:reader*
1563453177257	Marionette	INFO	Listening on port 10912
1563453177281	Marionette	WARN	TLS certificate errors will be ignored for this session
1563453186852	Marionette	INFO	Stopped listening on port 10912
[Ch[
###!!! [Child][RunMessage] Error: Channel closing: too late to send/recv, messages will be lost

GP
###!!! [Child][MessageChannel::SendAndWait] Error: Channel error: cannot send/recv

1563453345563	mozrunner::runner	INFO	Running command: "D:\\Mozilla Firefox\\firefox.exe" "-marionette" "-foreground" "-no-remote" "-profile" "C:\\Users\\user\\AppData\\Local\\Temp\\rust_mozprofile.XqSgP3NUDqK6"
1563453346503	addons.webextension.screenshots@mozilla.org	WARN	Loading extension 'screenshots@mozilla.org': Reading manifest: Invalid extension permission: mozillaAddons
1563453346504	addons.webextension.screenshots@mozilla.org	WARN	Loading extension 'screenshots@mozilla.org': Reading manifest: Invalid extension permission: resource://pdf.js/
1563453346504	addons.webextension.screenshots@mozilla.org	WARN	Loading extension 'screenshots@mozilla.org': Reading manifest: Invalid extension permission: about:reader*
1563453348633	Marionette	INFO	Listening on port 11218
1563453348876	Marionette	WARN	TLS certificate errors will be ignored for this session
1563453387527	Marionette	INFO	Stopped listening on port 11218
[Child 67124, Chrome_ChildThread] WARNING: pipe error: 109: file z:/build/build/src/ipc/chromium/src/chrome/common/ipc_channel_win.cc, line 332
[[Parent 65648, Gecko_IOThread] WARNING: pipe error: 109: file z:/build/build/src/ipc/chromium/src/chrome/common/ipc_channel_win.cc, line 332
[GPU 
###!!! [Child][MessageChannel::SendAndWait] Error: Channel error: cannot send/recv

1563453479264	mozrunner::runner	INFO	Running command: "D:\\Mozilla Firefox\\firefox.exe" "-marionette" "-foreground" "-no-remote" "-profile" "C:\\Users\\user\\AppData\\Local\\Temp\\rust_mozprofile.UoAe8gpG3Caa"
1563453480116	addons.webextension.screenshots@mozilla.org	WARN	Loading extension 'screenshots@mozilla.org': Reading manifest: Invalid extension permission: mozillaAddons
1563453480116	addons.webextension.screenshots@mozilla.org	WARN	Loading extension 'screenshots@mozilla.org': Reading manifest: Invalid extension permission: resource://pdf.js/
1563453480116	addons.webextension.screenshots@mozilla.org	WARN	Loading extension 'screenshots@mozilla.org': Reading manifest: Invalid extension permission: about:reader*
1563453482475	Marionette	INFO	Listening on port 11477
1563453482607	Marionette	WARN	TLS certificate errors will be ignored for this session
console.error: BroadcastService: 
  receivedBroadcastMessage: handler for
  remote-settings/monitor_changes
  threw error:
  Message: Error: Polling for changes failed: NetworkError when attempting to fetch resource..
  Stack:
    remoteSettingsFunction/remoteSettings.pollChanges@resource://services-settings/remote-settings.js:190:13

1563453521123	Marionette	INFO	Stopped listening on port 11477
[Child 54788, Chrome_ChildThread] WARNING: pipe error: 109: file z:/build/build/src/ipc/chromium/src/chrome/common/ipc_channel_win.cc, line 332
[C[Child 67160, Chrome_ChildThread] WARNING: pipe error: 109: file z:/build/build/src/ipc/chromium/src/chrome/common/ipc_channel_win.cc, line 332
[Chi[Parent 60348, Gecko_IOThread] WARNING: pipe error: 109: file z:/build/build/src/ipc/chromium/src/chrome/common/ipc_channel_win.cc, line 332
[GP
###!!! [Child][MessageChannel::SendAndWait] Error: Channel error: cannot send/recv

1563453666339	mozrunner::runner	INFO	Running command: "D:\\Mozilla Firefox\\firefox.exe" "-marionette" "-foreground" "-no-remote" "-profile" "C:\\Users\\user\\AppData\\Local\\Temp\\rust_mozprofile.ED6yhVbJXu3u"
1563453667388	addons.webextension.screenshots@mozilla.org	WARN	Loading extension 'screenshots@mozilla.org': Reading manifest: Invalid extension permission: mozillaAddons
1563453667389	addons.webextension.screenshots@mozilla.org	WARN	Loading extension 'screenshots@mozilla.org': Reading manifest: Invalid extension permission: resource://pdf.js/
1563453667389	addons.webextension.screenshots@mozilla.org	WARN	Loading extension 'screenshots@mozilla.org': Reading manifest: Invalid extension permission: about:reader*
1563453669642	Marionette	INFO	Listening on port 11905
1563453669692	Marionette	WARN	TLS certificate errors will be ignored for this session
1563453688476	Marionette	INFO	Stopped listening on port 11905
[Parent 65752, Gecko_IOThread] WARNING: pipe error: 109: file z:/build/build/src/ipc/chromium/src/chrome/common/ipc_channel_win.cc, line 332
[Child 40180, Chrome_ChildThread] WARNING: pipe error: 109: file z:/build/build/src/ipc/chromium/src/chrome/common/ipc_channel_win.cc, line 332
[C
###!!! [Child][MessageChannel::SendAndWait] Error: Channel error: cannot send/recv

1563453838002	mozrunner::runner	INFO	Running command: "D:\\Mozilla Firefox\\firefox.exe" "-marionette" "-foreground" "-no-remote" "-profile" "C:\\Users\\user\\AppData\\Local\\Temp\\rust_mozprofile.4tnwSp8GleNB"
1563453838880	addons.webextension.screenshots@mozilla.org	WARN	Loading extension 'screenshots@mozilla.org': Reading manifest: Invalid extension permission: mozillaAddons
1563453838880	addons.webextension.screenshots@mozilla.org	WARN	Loading extension 'screenshots@mozilla.org': Reading manifest: Invalid extension permission: resource://pdf.js/
1563453838880	addons.webextension.screenshots@mozilla.org	WARN	Loading extension 'screenshots@mozilla.org': Reading manifest: Invalid extension permission: about:reader*
1563453841274	Marionette	INFO	Listening on port 12232
1563453841365	Marionette	WARN	TLS certificate errors will be ignored for this session
1563453850504	Marionette	INFO	Stopped listening on port 12232
[Child 68060, Chrome_ChildThread] WARNING: pipe error: 109: file z:/build/build/src/ipc/chromium/src/chrome/common/ipc_channel_win.cc, line 332
[C[Child 71012, Chrome_ChildThread] WARNING: pipe error: 109: file z:/build/build/src/ipc/chromium/src/chrome/common/ipc_channel_win.cc, line 332
[Ch[Parent 71764, Gecko_IOThread] WARNING: pipe error: 109: file z:/build/build/src/ipc/chromium/src/chrome/common/ipc_channel_win.cc, line 332
[GPU
###!!! [Child][MessageChannel::SendAndWait] Error: Channel error: cannot send/recv

1563453942091	mozrunner::runner	INFO	Running command: "D:\\Mozilla Firefox\\firefox.exe" "-marionette" "-foreground" "-no-remote" "-profile" "C:\\Users\\user\\AppData\\Local\\Temp\\rust_mozprofile.uBTZB4wesBBn"
1563453942924	addons.webextension.screenshots@mozilla.org	WARN	Loading extension 'screenshots@mozilla.org': Reading manifest: Invalid extension permission: mozillaAddons
1563453942924	addons.webextension.screenshots@mozilla.org	WARN	Loading extension 'screenshots@mozilla.org': Reading manifest: Invalid extension permission: resource://pdf.js/
1563453942924	addons.webextension.screenshots@mozilla.org	WARN	Loading extension 'screenshots@mozilla.org': Reading manifest: Invalid extension permission: about:reader*
1563453945079	Marionette	INFO	Listening on port 12436
1563453945445	Marionette	WARN	TLS certificate errors will be ignored for this session
1563453957266	Marionette	INFO	Stopped listening on port 12436
[Parent 67936, Gecko_IOThread] WARNING: pipe error: 109: file z:/build/build/src/ipc/chromium/src/chrome/common/ipc_channel_win.cc, line 332
[Parent 67936, Gecko_IOThread] WARNING: pipe error: 109: file z:/build/build/src/ipc/chromium/src/chrome/common/ipc_channel_win.cc, line 332
[Child 60748, Chrome_ChildThread] WARNING: pipe error: 109: file z:/build/build/src/ipc/chromium/src/chrome/common/ipc_channel_win.cc, line 332
[Ch[Child 69028, Chrome_ChildThread] WARNING: pipe error: 109: file z:/build/build/src/ipc/chromium/src/chrome/common/ipc_channel_win.cc, line 332
[C[Parent 67936, Gecko_IOThread] WARNING: pipe error: 109: file z:/build/build/src/ipc/chromium/src/chrome/common/ipc_channel_win.cc, line 332
[GP
###!!! [Child][MessageChannel::SendAndWait] Error: Channel error: cannot send/recv

1563454052610	mozrunner::runner	INFO	Running command: "D:\\Mozilla Firefox\\firefox.exe" "-marionette" "-foreground" "-no-remote" "-profile" "C:\\Users\\user\\AppData\\Local\\Temp\\rust_mozprofile.gmZ24zN7HSec"
1563454053492	addons.webextension.screenshots@mozilla.org	WARN	Loading extension 'screenshots@mozilla.org': Reading manifest: Invalid extension permission: mozillaAddons
1563454053493	addons.webextension.screenshots@mozilla.org	WARN	Loading extension 'screenshots@mozilla.org': Reading manifest: Invalid extension permission: resource://pdf.js/
1563454053493	addons.webextension.screenshots@mozilla.org	WARN	Loading extension 'screenshots@mozilla.org': Reading manifest: Invalid extension permission: about:reader*
1563454055858	Marionette	INFO	Listening on port 12651
1563454055953	Marionette	WARN	TLS certificate errors will be ignored for this session
1563454073455	Marionette	INFO	Stopped listening on port 12651
[GPU
###!!! [Child][MessageChannel::SendAndWait] Error: Channel error: cannot send/recv

1563454179808	mozrunner::runner	INFO	Running command: "D:\\Mozilla Firefox\\firefox.exe" "-marionette" "-foreground" "-no-remote" "-profile" "C:\\Users\\user\\AppData\\Local\\Temp\\rust_mozprofile.tCdnwqj0Har8"
1563454180592	addons.webextension.screenshots@mozilla.org	WARN	Loading extension 'screenshots@mozilla.org': Reading manifest: Invalid extension permission: mozillaAddons
1563454180593	addons.webextension.screenshots@mozilla.org	WARN	Loading extension 'screenshots@mozilla.org': Reading manifest: Invalid extension permission: resource://pdf.js/
1563454180593	addons.webextension.screenshots@mozilla.org	WARN	Loading extension 'screenshots@mozilla.org': Reading manifest: Invalid extension permission: about:reader*
1563454182795	Marionette	INFO	Listening on port 12890
1563454183144	Marionette	WARN	TLS certificate errors will be ignored for this session
console.error: BroadcastService: 
  receivedBroadcastMessage: handler for
  remote-settings/monitor_changes
  threw error:
  Message: Error: Polling for changes failed: NetworkError when attempting to fetch resource..
  Stack:
    remoteSettingsFunction/remoteSettings.pollChanges@resource://services-settings/remote-settings.js:190:13

1563454213174	Marionette	INFO	Stopped listening on port 12890
[Child 57140, Chrome_ChildThread] WARNING: pipe error: 109: file z:/build/build/src/ipc/chromium/src/chrome/common/ipc_channel_win.cc, line 332
[Chil[G
###!!! [Child][MessageChannel::SendAndWait] Error: Channel error: cannot send/recv

1563454286427	mozrunner::runner	INFO	Running command: "D:\\Mozilla Firefox\\firefox.exe" "-marionette" "-foreground" "-no-remote" "-profile" "C:\\Users\\user\\AppData\\Local\\Temp\\rust_mozprofile.sPzz6KaGV9Qf"
1563454308319	mozrunner::runner	INFO	Running command: "D:\\Mozilla Firefox\\firefox.exe" "-marionette" "-foreground" "-no-remote" "-profile" "C:\\Users\\user\\AppData\\Local\\Temp\\rust_mozprofile.b30q4DFoaKyp"
1563454309004	addons.webextension.screenshots@mozilla.org	WARN	Loading extension 'screenshots@mozilla.org': Reading manifest: Invalid extension permission: mozillaAddons
1563454309004	addons.webextension.screenshots@mozilla.org	WARN	Loading extension 'screenshots@mozilla.org': Reading manifest: Invalid extension permission: resource://pdf.js/
1563454309005	addons.webextension.screenshots@mozilla.org	WARN	Loading extension 'screenshots@mozilla.org': Reading manifest: Invalid extension permission: about:reader*
1563454311102	Marionette	INFO	Listening on port 13145
1563454311128	Marionette	WARN	TLS certificate errors will be ignored for this session
1563454322688	Marionette	INFO	Stopped listening on port 13145
[Child 71560, Chrome_ChildThread] WARNING: pipe error: 109: file z:/build/build/src/ipc/chromium/src/chrome/common/ipc_channel_win.cc, line 332
[C[Child 50024, Chrome_ChildThread] WARNING: pipe error: 109: file z:/build/build/src/ipc/chromium/src/chrome/common/ipc_channel_win.cc, line 332
[Child 50[Parent 62508, Gecko_IOThread] WARNING: pipe error: 109: file z:/build/build/src/ipc/chromium/src/chrome/common/ipc_channel_win.cc, line 332
[GPU
###!!! [Child][RunMessage] Error: Channel closing: too late to send/recv, messages will be lost


###!!! [Child][MessageChannel::SendAndWait] Error: Channel error: cannot send/recv

1563454509665	mozrunner::runner	INFO	Running command: "D:\\Mozilla Firefox\\firefox.exe" "-marionette" "-foreground" "-no-remote" "-profile" "C:\\Users\\user\\AppData\\Local\\Temp\\rust_mozprofile.Z6JPVqwzEAd9"
1563454510547	addons.webextension.screenshots@mozilla.org	WARN	Loading extension 'screenshots@mozilla.org': Reading manifest: Invalid extension permission: mozillaAddons
1563454510548	addons.webextension.screenshots@mozilla.org	WARN	Loading extension 'screenshots@mozilla.org': Reading manifest: Invalid extension permission: resource://pdf.js/
1563454510548	addons.webextension.screenshots@mozilla.org	WARN	Loading extension 'screenshots@mozilla.org': Reading manifest: Invalid extension permission: about:reader*
1563454512842	Marionette	INFO	Listening on port 13574
1563454512971	Marionette	WARN	TLS certificate errors will be ignored for this session
1563454526970	Marionette	INFO	Stopped listening on port 13574
[Child 15724, Chrome_ChildThread] WARNING: pipe error: 109: file z:/build/build/src/ipc/chromium/src/chrome/common/ipc_channel_win.cc, line 332
[C[Child 70164, Chrome_ChildThread] WARNING: pipe error: 109: file z:/build/build/src/ipc/chromium/src/chrome/common/ipc_channel_win.cc, line 332
[C[GP
###!!! [Child][RunMessage] Error: Channel closing: too late to send/recv, messages will be lost


###!!! [Child][MessageChannel::SendAndWait] Error: Channel error: cannot send/recv

1563454684595	mozrunner::runner	INFO	Running command: "D:\\Mozilla Firefox\\firefox.exe" "-marionette" "-foreground" "-no-remote" "-profile" "C:\\Users\\user\\AppData\\Local\\Temp\\rust_mozprofile.nOsfYU7NCQ4J"
1563454685381	addons.webextension.screenshots@mozilla.org	WARN	Loading extension 'screenshots@mozilla.org': Reading manifest: Invalid extension permission: mozillaAddons
1563454685381	addons.webextension.screenshots@mozilla.org	WARN	Loading extension 'screenshots@mozilla.org': Reading manifest: Invalid extension permission: resource://pdf.js/
1563454685381	addons.webextension.screenshots@mozilla.org	WARN	Loading extension 'screenshots@mozilla.org': Reading manifest: Invalid extension permission: about:reader*
1563454687870	Marionette	INFO	Listening on port 13884
1563454687964	Marionette	WARN	TLS certificate errors will be ignored for this session
1563454701489	Marionette	INFO	Stopped listening on port 13884
[Child 61584, Chrome_ChildThread] WARNING: pipe error: 109: file z:/build/build/src/ipc/chromium/src/chrome/common/ipc_channel_win.cc, line 332
[C[Child[Parent 56372, Gecko_IOThread] WARNING: pipe error: 109: file z:/build/build/src/ipc/chromium/src/chrome/common/ipc_channel_win.cc, line 332
[Child 62628, Chrome_ChildThread] WARNING: pipe error: 109: file z:/build/build/src/ipc/chromium/src/chrome/common/ipc_channel_win.cc, line 332
[C[
###!!! [Child][MessageChannel::SendAndWait] Error: Channel error: cannot send/recv

1563454814675	mozrunner::runner	INFO	Running command: "D:\\Mozilla Firefox\\firefox.exe" "-marionette" "-foreground" "-no-remote" "-profile" "C:\\Users\\user\\AppData\\Local\\Temp\\rust_mozprofile.bLRVrDnNCAh0"
1563454815550	addons.webextension.screenshots@mozilla.org	WARN	Loading extension 'screenshots@mozilla.org': Reading manifest: Invalid extension permission: mozillaAddons
1563454815550	addons.webextension.screenshots@mozilla.org	WARN	Loading extension 'screenshots@mozilla.org': Reading manifest: Invalid extension permission: resource://pdf.js/
1563454815550	addons.webextension.screenshots@mozilla.org	WARN	Loading extension 'screenshots@mozilla.org': Reading manifest: Invalid extension permission: about:reader*
1563454817911	Marionette	INFO	Listening on port 14183
1563454818031	Marionette	WARN	TLS certificate errors will be ignored for this session
1563454828986	Marionette	INFO	Stopped listening on port 14183
[Child 72180, Chrome_ChildThread] WARNING: pipe error: 109: file z:/build/build/src/ipc/chromium/src/chrome/common/ipc_channel_win.cc, line 332
[Chil[Parent 68184, Gecko_IOThread] WARNING: pipe error: 109: file z:/build/build/src/ipc/chromium/src/chrome/common/ipc_channel_win.cc, line 332
[Child 64836, Chrome_ChildThread] WARNING: pipe error: 109: file z:/build/build/src/ipc/chromium/src/chrome/common/ipc_channel_win.cc, line 332
[C[GP
###!!! [Child][RunMessage] Error: Channel closing: too late to send/recv, messages will be lost


###!!! [Child][MessageChannel::SendAndWait] Error: Channel error: cannot send/recv

1563454990968	mozrunner::runner	INFO	Running command: "D:\\Mozilla Firefox\\firefox.exe" "-marionette" "-foreground" "-no-remote" "-profile" "C:\\Users\\user\\AppData\\Local\\Temp\\rust_mozprofile.Lrwf0DPckJTy"
1563454991775	addons.webextension.screenshots@mozilla.org	WARN	Loading extension 'screenshots@mozilla.org': Reading manifest: Invalid extension permission: mozillaAddons
1563454991776	addons.webextension.screenshots@mozilla.org	WARN	Loading extension 'screenshots@mozilla.org': Reading manifest: Invalid extension permission: resource://pdf.js/
1563454991776	addons.webextension.screenshots@mozilla.org	WARN	Loading extension 'screenshots@mozilla.org': Reading manifest: Invalid extension permission: about:reader*
1563454994050	Marionette	INFO	Listening on port 14520
1563454994314	Marionette	WARN	TLS certificate errors will be ignored for this session
1563455009166	mozrunner::runner	INFO	Running command: "D:\\Mozilla Firefox\\firefox.exe" "-marionette" "-foreground" "-no-remote" "-profile" "C:\\Users\\user\\AppData\\Local\\Temp\\rust_mozprofile.eXR3xdhQPzeh"
1563455009977	addons.webextension.screenshots@mozilla.org	WARN	Loading extension 'screenshots@mozilla.org': Reading manifest: Invalid extension permission: mozillaAddons
1563455009978	addons.webextension.screenshots@mozilla.org	WARN	Loading extension 'screenshots@mozilla.org': Reading manifest: Invalid extension permission: resource://pdf.js/
1563455009978	addons.webextension.screenshots@mozilla.org	WARN	Loading extension 'screenshots@mozilla.org': Reading manifest: Invalid extension permission: about:reader*
1563455012342	Marionette	INFO	Listening on port 14603
1563455012472	Marionette	WARN	TLS certificate errors will be ignored for this session
1563455022590	Marionette	WARN	TimedPromise timed out after 0 ms: stacktrace:
bail@chrome://marionette/content/sync.js:224:64
1563455033246	Marionette	INFO	Stopped listening on port 14603
[Child 59768, Chrome_ChildThread] WARNING: pipe error: 109: file z:/build/build/src/ipc/chromium/src/chrome/common/ipc_channel_win.cc, line 332
[Chil[Parent 68892, Gecko_IOThread] WARNING: pipe error: 109: file z:/build/build/src/ipc/chromium/src/chrome/common/ipc_channel_win.cc, line 332
[Child 68412, Chrome_ChildThread] WARNING: pipe error: 109: file z:/build/build/src/ipc/chromium/src/chrome/common/ipc_channel_win.cc, line 332
[C[GP
###!!! [Child][RunMessage] Error: Channel closing: too late to send/recv, messages will be lost


###!!! [Child][MessageChannel::SendAndWait] Error: Channel error: cannot send/recv

1563455056328	mozrunner::runner	INFO	Running command: "D:\\Mozilla Firefox\\firefox.exe" "-marionette" "-foreground" "-no-remote" "-profile" "C:\\Users\\user\\AppData\\Local\\Temp\\rust_mozprofile.JW5nExxYWMpx"
1563455057206	addons.webextension.screenshots@mozilla.org	WARN	Loading extension 'screenshots@mozilla.org': Reading manifest: Invalid extension permission: mozillaAddons
1563455057206	addons.webextension.screenshots@mozilla.org	WARN	Loading extension 'screenshots@mozilla.org': Reading manifest: Invalid extension permission: resource://pdf.js/
1563455057207	addons.webextension.screenshots@mozilla.org	WARN	Loading extension 'screenshots@mozilla.org': Reading manifest: Invalid extension permission: about:reader*
1563455059482	Marionette	INFO	Listening on port 14725
1563455059645	Marionette	WARN	TLS certificate errors will be ignored for this session
1563455070349	Marionette	WARN	TimedPromise timed out after 0 ms: stacktrace:
bail@chrome://marionette/content/sync.js:224:64
1563455081126	Marionette	INFO	Stopped listening on port 14725
[Child 64168, Chrome_ChildThread] WARNING: pipe error: 109: file z:/build/build/src/ipc/chromium/src/chrome/common/ipc_channel_win.cc, line 332
[[Child 58380, Chrome_ChildThread] WARNING: pipe error: 109: file z:/build/build/src/ipc/chromium/src/chrome/common/ipc_channel_win.cc, line 332
[Child[Parent 68092, Gecko_IOThread] WARNING: pipe error: 109: file z:/build/build/src/ipc/chromium/src/chrome/common/ipc_channel_win.cc, line 332
[Child 10296, Chrome_ChildThread] WARNING: pipe error: 109: file z:/build/build/src/ipc/chromium/src/chrome/common/ipc_channel_win.cc, line 332
[Chi[GP
###!!! [Child][RunMessage] Error: Channel closing: too late to send/recv, messages will be lost


###!!! [Child][MessageChannel::SendAndWait] Error: Channel error: cannot send/recv

1563455184645	mozrunner::runner	INFO	Running command: "D:\\Mozilla Firefox\\firefox.exe" "-marionette" "-foreground" "-no-remote" "-profile" "C:\\Users\\user\\AppData\\Local\\Temp\\rust_mozprofile.kGEXW88YBjPY"
1563455185354	addons.webextension.screenshots@mozilla.org	WARN	Loading extension 'screenshots@mozilla.org': Reading manifest: Invalid extension permission: mozillaAddons
1563455185354	addons.webextension.screenshots@mozilla.org	WARN	Loading extension 'screenshots@mozilla.org': Reading manifest: Invalid extension permission: resource://pdf.js/
1563455185354	addons.webextension.screenshots@mozilla.org	WARN	Loading extension 'screenshots@mozilla.org': Reading manifest: Invalid extension permission: about:reader*
1563455187559	Marionette	INFO	Listening on port 14965
1563455187985	Marionette	WARN	TLS certificate errors will be ignored for this session
1563455200007	Marionette	INFO	Stopped listening on port 14965
[
###!!! [Child][MessageChannel::SendAndWait] Error: Channel error: cannot send/recv

1563455229296	mozrunner::runner	INFO	Running command: "D:\\Mozilla Firefox\\firefox.exe" "-marionette" "-foreground" "-no-remote" "-profile" "C:\\Users\\user\\AppData\\Local\\Temp\\rust_mozprofile.nnS8NB4fiy8c"
1563455230002	addons.webextension.screenshots@mozilla.org	WARN	Loading extension 'screenshots@mozilla.org': Reading manifest: Invalid extension permission: mozillaAddons
1563455230002	addons.webextension.screenshots@mozilla.org	WARN	Loading extension 'screenshots@mozilla.org': Reading manifest: Invalid extension permission: resource://pdf.js/
1563455230002	addons.webextension.screenshots@mozilla.org	WARN	Loading extension 'screenshots@mozilla.org': Reading manifest: Invalid extension permission: about:reader*
1563455232443	Marionette	INFO	Listening on port 1116
1563455232636	Marionette	WARN	TLS certificate errors will be ignored for this session
1563455270280	Marionette	WARN	TimedPromise timed out after 0 ms: stacktrace:
bail@chrome://marionette/content/sync.js:224:64
1563455280956	Marionette	INFO	Stopped listening on port 1116
[Parent 18464, Gecko_IOThread] WARNING: pipe error: 109: file z:/build/build/src/ipc/chromium/src/chrome/common/ipc_channel_win.cc, line 332
[Child 62436, Chrome_ChildThread] WARNING: pipe error: 109: file z:/build/build/src/ipc/chromium/src/chrome/common/ipc_channel_win.cc, line 332
[Child 624[
###!!! [Child][RunMessage] Error: Channel closing: too late to send/recv, messages will be lost

G
###!!! [Child][MessageChannel::SendAndWait] Error: Channel error: cannot send/recv

1563455317360	mozrunner::runner	INFO	Running command: "D:\\Mozilla Firefox\\firefox.exe" "-marionette" "-foreground" "-no-remote" "-profile" "C:\\Users\\user\\AppData\\Local\\Temp\\rust_mozprofile.CYC9sfGtsNZa"
1563455318243	addons.webextension.screenshots@mozilla.org	WARN	Loading extension 'screenshots@mozilla.org': Reading manifest: Invalid extension permission: mozillaAddons
1563455318244	addons.webextension.screenshots@mozilla.org	WARN	Loading extension 'screenshots@mozilla.org': Reading manifest: Invalid extension permission: resource://pdf.js/
1563455318244	addons.webextension.screenshots@mozilla.org	WARN	Loading extension 'screenshots@mozilla.org': Reading manifest: Invalid extension permission: about:reader*
1563455320499	Marionette	INFO	Listening on port 1317
1563455320695	Marionette	WARN	TLS certificate errors will be ignored for this session
console.error: BroadcastService: 
  receivedBroadcastMessage: handler for
  remote-settings/monitor_changes
  threw error:
  Message: Error: Polling for changes failed: NetworkError when attempting to fetch resource..
  Stack:
    remoteSettingsFunction/remoteSettings.pollChanges@resource://services-settings/remote-settings.js:190:13

1563455370610	Marionette	WARN	TimedPromise timed out after 0 ms: stacktrace:
bail@chrome://marionette/content/sync.js:224:64
1563455381301	Marionette	INFO	Stopped listening on port 1317
[Child 66096, Chrome_ChildThread] WARNING: pipe error: 109: file z:/build/build/src/ipc/chromium/src/chrome/common/ipc_channel_win.cc, line 332
[Chi[
###!!! [Child][RunMessage] Error: Channel closing: too late to send/recv, messages will be lost

GPU
###!!! [Child][MessageChannel::SendAndWait] Error: Channel error: cannot send/recv

